5880 DEBUG [2019-05-04 13:40:21]  "error.ftl"("zh_CN", UTF-8, parsed) cached copy not yet stale; using cached.
5880 DEBUG [2019-05-04 13:40:21]  "error.ftl"("zh_CN", UTF-8, parsed) cached copy not yet stale; using cached.
5880 ERROR [2019-05-04 13:40:21]  Error executing FreeMarker template
FreeMarker template error:
The following has evaluated to null or missing:
==> Request["error"]  [in template "error.ftl" at line 1, column 3]

----
Tip: It's the final [] step that caused this error, not those before it.
----
Tip: If the failing expression is known to legally refer to something that's sometimes null or missing, either specify a default value like myOptionalVar!myDefault, or use <#if myOptionalVar??>when-present<#else>when-missing</#if>. (These only cover the last step of the expression; to cover the whole expression, use parenthesis: (myOptionalVar.foo)!myDefault, (myOptionalVar.foo)??
----

----
FTL stack trace ("~" means nesting-related):
	- Failed at: ${Request["error"]}  [in template "error.ftl" at line 1, column 1]
----

Java stack trace (for programmers):
----
freemarker.core.InvalidReferenceException: [... Exception message was already printed; see it above ...]
	at freemarker.core.InvalidReferenceException.getInstance(InvalidReferenceException.java:134)
	at freemarker.core.EvalUtil.coerceModelToTextualCommon(EvalUtil.java:467)
	at freemarker.core.EvalUtil.coerceModelToStringOrMarkup(EvalUtil.java:389)
	at freemarker.core.EvalUtil.coerceModelToStringOrMarkup(EvalUtil.java:358)
	at freemarker.core.DollarVariable.calculateInterpolatedStringOrMarkup(DollarVariable.java:100)
	at freemarker.core.DollarVariable.accept(DollarVariable.java:63)
	at freemarker.core.Environment.visit(Environment.java:330)
	at freemarker.core.Environment.process(Environment.java:309)
	at freemarker.template.Template.process(Template.java:384)
	at org.springframework.web.servlet.view.freemarker.FreeMarkerView.processTemplate(FreeMarkerView.java:389)
	at org.springframework.web.servlet.view.freemarker.FreeMarkerView.doRender(FreeMarkerView.java:302)
	at org.springframework.web.servlet.view.freemarker.FreeMarkerView.renderMergedTemplateModel(FreeMarkerView.java:253)
	at org.springframework.web.servlet.view.AbstractTemplateView.renderMergedOutputModel(AbstractTemplateView.java:178)
	at org.springframework.web.servlet.view.AbstractView.render(AbstractView.java:316)
	at org.springframework.web.servlet.DispatcherServlet.render(DispatcherServlet.java:1370)
	at org.springframework.web.servlet.DispatcherServlet.processDispatchResult(DispatcherServlet.java:1116)
	at org.springframework.web.servlet.DispatcherServlet.doDispatch(DispatcherServlet.java:1055)
	at org.springframework.web.servlet.DispatcherServlet.doService(DispatcherServlet.java:942)
	at org.springframework.web.servlet.FrameworkServlet.processRequest(FrameworkServlet.java:1005)
	at org.springframework.web.servlet.FrameworkServlet.doGet(FrameworkServlet.java:897)
	at javax.servlet.http.HttpServlet.service(HttpServlet.java:645)
	at org.springframework.web.servlet.FrameworkServlet.service(FrameworkServlet.java:882)
	at javax.servlet.http.HttpServlet.service(HttpServlet.java:750)
	at io.undertow.servlet.handlers.ServletHandler.handleRequest(ServletHandler.java:74)
	at io.undertow.servlet.handlers.FilterHandler$FilterChainImpl.doFilter(FilterHandler.java:129)
	at org.springframework.security.web.FilterChainProxy$VirtualFilterChain.doFilter(FilterChainProxy.java:320)
	at org.springframework.security.web.access.intercept.FilterSecurityInterceptor.invoke(FilterSecurityInterceptor.java:116)
	at org.springframework.security.web.access.intercept.FilterSecurityInterceptor.doFilter(FilterSecurityInterceptor.java:91)
	at org.springframework.security.web.FilterChainProxy$VirtualFilterChain.doFilter(FilterChainProxy.java:334)
	at org.springframework.security.web.access.ExceptionTranslationFilter.doFilter(ExceptionTranslationFilter.java:119)
	at org.springframework.security.web.FilterChainProxy$VirtualFilterChain.doFilter(FilterChainProxy.java:334)
	at org.springframework.security.web.session.SessionManagementFilter.doFilter(SessionManagementFilter.java:84)
	at org.springframework.security.web.FilterChainProxy$VirtualFilterChain.doFilter(FilterChainProxy.java:334)
	at org.springframework.security.web.authentication.AnonymousAuthenticationFilter.doFilter(AnonymousAuthenticationFilter.java:111)
	at org.springframework.security.web.FilterChainProxy$VirtualFilterChain.doFilter(FilterChainProxy.java:334)
	at org.springframework.security.web.servletapi.SecurityContextHolderAwareRequestFilter.doFilter(SecurityContextHolderAwareRequestFilter.java:170)
	at org.springframework.security.web.FilterChainProxy$VirtualFilterChain.doFilter(FilterChainProxy.java:334)
	at org.springframework.security.web.savedrequest.RequestCacheAwareFilter.doFilter(RequestCacheAwareFilter.java:63)
	at org.springframework.security.web.FilterChainProxy$VirtualFilterChain.doFilter(FilterChainProxy.java:334)
	at org.springframework.security.web.authentication.logout.LogoutFilter.doFilter(LogoutFilter.java:116)
	at org.springframework.security.web.FilterChainProxy$VirtualFilterChain.doFilter(FilterChainProxy.java:334)
	at org.springframework.web.filter.OncePerRequestFilter.doFilter(OncePerRequestFilter.java:101)
	at org.springframework.security.web.FilterChainProxy$VirtualFilterChain.doFilter(FilterChainProxy.java:334)
	at org.springframework.security.web.context.SecurityContextPersistenceFilter.doFilter(SecurityContextPersistenceFilter.java:105)
	at org.springframework.security.web.FilterChainProxy$VirtualFilterChain.doFilter(FilterChainProxy.java:334)
	at org.springframework.web.filter.OncePerRequestFilter.doFilter(OncePerRequestFilter.java:101)
	at org.springframework.security.web.FilterChainProxy$VirtualFilterChain.doFilter(FilterChainProxy.java:334)
	at org.springframework.security.web.FilterChainProxy.doFilterInternal(FilterChainProxy.java:215)
	at org.springframework.security.web.FilterChainProxy.doFilter(FilterChainProxy.java:178)
	at org.springframework.web.filter.DelegatingFilterProxy.invokeDelegate(DelegatingFilterProxy.java:357)
	at org.springframework.web.filter.DelegatingFilterProxy.doFilter(DelegatingFilterProxy.java:270)
	at io.undertow.servlet.core.ManagedFilter.doFilter(ManagedFilter.java:61)
	at io.undertow.servlet.handlers.FilterHandler$FilterChainImpl.doFilter(FilterHandler.java:131)
	at io.undertow.servlet.handlers.FilterHandler.handleRequest(FilterHandler.java:84)
	at io.undertow.servlet.handlers.security.ServletSecurityRoleHandler.handleRequest(ServletSecurityRoleHandler.java:62)
	at io.undertow.servlet.handlers.ServletChain$1.handleRequest(ServletChain.java:68)
	at io.undertow.servlet.handlers.ServletDispatchingHandler.handleRequest(ServletDispatchingHandler.java:36)
	at io.undertow.server.handlers.PredicateHandler.handleRequest(PredicateHandler.java:43)
	at io.undertow.server.handlers.PredicateHandler.handleRequest(PredicateHandler.java:43)
	at io.undertow.servlet.handlers.SessionRestoringHandler.handleRequest(SessionRestoringHandler.java:119)
	at io.undertow.servlet.handlers.ServletInitialHandler.dispatchRequest(ServletInitialHandler.java:274)
	at io.undertow.servlet.handlers.ServletInitialHandler.dispatchToPath(ServletInitialHandler.java:209)
	at io.undertow.servlet.spec.RequestDispatcherImpl.error(RequestDispatcherImpl.java:502)
	at io.undertow.servlet.spec.RequestDispatcherImpl.error(RequestDispatcherImpl.java:420)
	at io.undertow.servlet.spec.HttpServletResponseImpl.doErrorDispatch(HttpServletResponseImpl.java:164)
	at io.undertow.servlet.handlers.ServletInitialHandler.handleFirstRequest(ServletInitialHandler.java:299)
	at io.undertow.servlet.handlers.ServletInitialHandler.access$100(ServletInitialHandler.java:81)
	at io.undertow.servlet.handlers.ServletInitialHandler$2.call(ServletInitialHandler.java:138)
	at io.undertow.servlet.handlers.ServletInitialHandler$2.call(ServletInitialHandler.java:135)
	at io.undertow.servlet.core.ServletRequestContextThreadSetupAction$1.call(ServletRequestContextThreadSetupAction.java:48)
	at io.undertow.servlet.core.ContextClassLoaderSetupAction$1.call(ContextClassLoaderSetupAction.java:43)
	at io.undertow.servlet.handlers.ServletInitialHandler.dispatchRequest(ServletInitialHandler.java:272)
	at io.undertow.servlet.handlers.ServletInitialHandler.access$000(ServletInitialHandler.java:81)
	at io.undertow.servlet.handlers.ServletInitialHandler$1.handleRequest(ServletInitialHandler.java:104)
	at io.undertow.server.Connectors.executeRootHandler(Connectors.java:364)
	at io.undertow.server.HttpServerExchange$1.run(HttpServerExchange.java:830)
	at java.util.concurrent.ThreadPoolExecutor.runWorker(ThreadPoolExecutor.java:1149)
	at java.util.concurrent.ThreadPoolExecutor$Worker.run(ThreadPoolExecutor.java:624)
	at java.lang.Thread.run(Thread.java:748)
5893 DEBUG [2019-05-04 13:40:21]  "error.ftl"("zh_CN", UTF-8, parsed) cached copy not yet stale; using cached.
5894 DEBUG [2019-05-04 13:40:21]  "error.ftl"("zh_CN", UTF-8, parsed) cached copy not yet stale; using cached.
5894 ERROR [2019-05-04 13:40:21]  Error executing FreeMarker template
FreeMarker template error:
The following has evaluated to null or missing:
==> Request["error"]  [in template "error.ftl" at line 1, column 3]

----
Tip: It's the final [] step that caused this error, not those before it.
----
Tip: If the failing expression is known to legally refer to something that's sometimes null or missing, either specify a default value like myOptionalVar!myDefault, or use <#if myOptionalVar??>when-present<#else>when-missing</#if>. (These only cover the last step of the expression; to cover the whole expression, use parenthesis: (myOptionalVar.foo)!myDefault, (myOptionalVar.foo)??
----

----
FTL stack trace ("~" means nesting-related):
	- Failed at: ${Request["error"]}  [in template "error.ftl" at line 1, column 1]
----

Java stack trace (for programmers):
----
freemarker.core.InvalidReferenceException: [... Exception message was already printed; see it above ...]
	at freemarker.core.InvalidReferenceException.getInstance(InvalidReferenceException.java:134)
	at freemarker.core.EvalUtil.coerceModelToTextualCommon(EvalUtil.java:467)
	at freemarker.core.EvalUtil.coerceModelToStringOrMarkup(EvalUtil.java:389)
	at freemarker.core.EvalUtil.coerceModelToStringOrMarkup(EvalUtil.java:358)
	at freemarker.core.DollarVariable.calculateInterpolatedStringOrMarkup(DollarVariable.java:100)
	at freemarker.core.DollarVariable.accept(DollarVariable.java:63)
	at freemarker.core.Environment.visit(Environment.java:330)
	at freemarker.core.Environment.process(Environment.java:309)
	at freemarker.template.Template.process(Template.java:384)
	at org.springframework.web.servlet.view.freemarker.FreeMarkerView.processTemplate(FreeMarkerView.java:389)
	at org.springframework.web.servlet.view.freemarker.FreeMarkerView.doRender(FreeMarkerView.java:302)
	at org.springframework.web.servlet.view.freemarker.FreeMarkerView.renderMergedTemplateModel(FreeMarkerView.java:253)
	at org.springframework.web.servlet.view.AbstractTemplateView.renderMergedOutputModel(AbstractTemplateView.java:178)
	at org.springframework.web.servlet.view.AbstractView.render(AbstractView.java:316)
	at org.springframework.web.servlet.DispatcherServlet.render(DispatcherServlet.java:1370)
	at org.springframework.web.servlet.DispatcherServlet.processDispatchResult(DispatcherServlet.java:1116)
	at org.springframework.web.servlet.DispatcherServlet.doDispatch(DispatcherServlet.java:1055)
	at org.springframework.web.servlet.DispatcherServlet.doService(DispatcherServlet.java:942)
	at org.springframework.web.servlet.FrameworkServlet.processRequest(FrameworkServlet.java:1005)
	at org.springframework.web.servlet.FrameworkServlet.doGet(FrameworkServlet.java:897)
	at javax.servlet.http.HttpServlet.service(HttpServlet.java:645)
	at org.springframework.web.servlet.FrameworkServlet.service(FrameworkServlet.java:882)
	at javax.servlet.http.HttpServlet.service(HttpServlet.java:750)
	at io.undertow.servlet.handlers.ServletHandler.handleRequest(ServletHandler.java:74)
	at io.undertow.servlet.handlers.FilterHandler$FilterChainImpl.doFilter(FilterHandler.java:129)
	at org.springframework.security.web.FilterChainProxy$VirtualFilterChain.doFilter(FilterChainProxy.java:320)
	at org.springframework.security.web.access.intercept.FilterSecurityInterceptor.invoke(FilterSecurityInterceptor.java:116)
	at org.springframework.security.web.access.intercept.FilterSecurityInterceptor.doFilter(FilterSecurityInterceptor.java:91)
	at org.springframework.security.web.FilterChainProxy$VirtualFilterChain.doFilter(FilterChainProxy.java:334)
	at org.springframework.security.web.access.ExceptionTranslationFilter.doFilter(ExceptionTranslationFilter.java:119)
	at org.springframework.security.web.FilterChainProxy$VirtualFilterChain.doFilter(FilterChainProxy.java:334)
	at org.springframework.security.web.session.SessionManagementFilter.doFilter(SessionManagementFilter.java:84)
	at org.springframework.security.web.FilterChainProxy$VirtualFilterChain.doFilter(FilterChainProxy.java:334)
	at org.springframework.security.web.authentication.AnonymousAuthenticationFilter.doFilter(AnonymousAuthenticationFilter.java:111)
	at org.springframework.security.web.FilterChainProxy$VirtualFilterChain.doFilter(FilterChainProxy.java:334)
	at org.springframework.security.web.servletapi.SecurityContextHolderAwareRequestFilter.doFilter(SecurityContextHolderAwareRequestFilter.java:170)
	at org.springframework.security.web.FilterChainProxy$VirtualFilterChain.doFilter(FilterChainProxy.java:334)
	at org.springframework.security.web.savedrequest.RequestCacheAwareFilter.doFilter(RequestCacheAwareFilter.java:63)
	at org.springframework.security.web.FilterChainProxy$VirtualFilterChain.doFilter(FilterChainProxy.java:334)
	at org.springframework.security.web.authentication.logout.LogoutFilter.doFilter(LogoutFilter.java:116)
	at org.springframework.security.web.FilterChainProxy$VirtualFilterChain.doFilter(FilterChainProxy.java:334)
	at org.springframework.web.filter.OncePerRequestFilter.doFilter(OncePerRequestFilter.java:101)
	at org.springframework.security.web.FilterChainProxy$VirtualFilterChain.doFilter(FilterChainProxy.java:334)
	at org.springframework.security.web.context.SecurityContextPersistenceFilter.doFilter(SecurityContextPersistenceFilter.java:105)
	at org.springframework.security.web.FilterChainProxy$VirtualFilterChain.doFilter(FilterChainProxy.java:334)
	at org.springframework.web.filter.OncePerRequestFilter.doFilter(OncePerRequestFilter.java:101)
	at org.springframework.security.web.FilterChainProxy$VirtualFilterChain.doFilter(FilterChainProxy.java:334)
	at org.springframework.security.web.FilterChainProxy.doFilterInternal(FilterChainProxy.java:215)
	at org.springframework.security.web.FilterChainProxy.doFilter(FilterChainProxy.java:178)
	at org.springframework.web.filter.DelegatingFilterProxy.invokeDelegate(DelegatingFilterProxy.java:357)
	at org.springframework.web.filter.DelegatingFilterProxy.doFilter(DelegatingFilterProxy.java:270)
	at io.undertow.servlet.core.ManagedFilter.doFilter(ManagedFilter.java:61)
	at io.undertow.servlet.handlers.FilterHandler$FilterChainImpl.doFilter(FilterHandler.java:131)
	at io.undertow.servlet.handlers.FilterHandler.handleRequest(FilterHandler.java:84)
	at io.undertow.servlet.handlers.security.ServletSecurityRoleHandler.handleRequest(ServletSecurityRoleHandler.java:62)
	at io.undertow.servlet.handlers.ServletChain$1.handleRequest(ServletChain.java:68)
	at io.undertow.servlet.handlers.ServletDispatchingHandler.handleRequest(ServletDispatchingHandler.java:36)
	at io.undertow.server.handlers.PredicateHandler.handleRequest(PredicateHandler.java:43)
	at io.undertow.server.handlers.PredicateHandler.handleRequest(PredicateHandler.java:43)
	at io.undertow.servlet.handlers.SessionRestoringHandler.handleRequest(SessionRestoringHandler.java:119)
	at io.undertow.servlet.handlers.ServletInitialHandler.dispatchRequest(ServletInitialHandler.java:274)
	at io.undertow.servlet.handlers.ServletInitialHandler.dispatchToPath(ServletInitialHandler.java:209)
	at io.undertow.servlet.spec.RequestDispatcherImpl.error(RequestDispatcherImpl.java:502)
	at io.undertow.servlet.spec.RequestDispatcherImpl.error(RequestDispatcherImpl.java:420)
	at io.undertow.servlet.spec.HttpServletResponseImpl.doErrorDispatch(HttpServletResponseImpl.java:164)
	at io.undertow.servlet.handlers.ServletInitialHandler.handleFirstRequest(ServletInitialHandler.java:299)
	at io.undertow.servlet.handlers.ServletInitialHandler.access$100(ServletInitialHandler.java:81)
	at io.undertow.servlet.handlers.ServletInitialHandler$2.call(ServletInitialHandler.java:138)
	at io.undertow.servlet.handlers.ServletInitialHandler$2.call(ServletInitialHandler.java:135)
	at io.undertow.servlet.core.ServletRequestContextThreadSetupAction$1.call(ServletRequestContextThreadSetupAction.java:48)
	at io.undertow.servlet.core.ContextClassLoaderSetupAction$1.call(ContextClassLoaderSetupAction.java:43)
	at io.undertow.servlet.handlers.ServletInitialHandler.dispatchRequest(ServletInitialHandler.java:272)
	at io.undertow.servlet.handlers.ServletInitialHandler.access$000(ServletInitialHandler.java:81)
	at io.undertow.servlet.handlers.ServletInitialHandler$1.handleRequest(ServletInitialHandler.java:104)
	at io.undertow.server.Connectors.executeRootHandler(Connectors.java:364)
	at io.undertow.server.HttpServerExchange$1.run(HttpServerExchange.java:830)
	at java.util.concurrent.ThreadPoolExecutor.runWorker(ThreadPoolExecutor.java:1149)
	at java.util.concurrent.ThreadPoolExecutor$Worker.run(ThreadPoolExecutor.java:624)
	at java.lang.Thread.run(Thread.java:748)
13754 DEBUG [2019-05-04 13:40:29]  Couldn't find template in cache for "homepage.ftl"("zh_CN", UTF-8, parsed); will try to load it.
13755 DEBUG [2019-05-04 13:40:29]  TemplateLoader.findTemplateSource("homepage_zh_CN.ftl"): Not found
13755 DEBUG [2019-05-04 13:40:29]  TemplateLoader.findTemplateSource("homepage_zh.ftl"): Not found
13756 DEBUG [2019-05-04 13:40:29]  TemplateLoader.findTemplateSource("homepage.ftl"): Found
13756 DEBUG [2019-05-04 13:40:29]  Loading template for "homepage.ftl"("zh_CN", UTF-8, parsed) from "F:\\Java\\blog\\target\\classes\\templates\\homepage.ftl"
13847 DEBUG [2019-05-04 13:40:29]  "homepage.ftl"("zh_CN", UTF-8, parsed) cached copy not yet stale; using cached.
13849 DEBUG [2019-05-04 13:40:29]  Couldn't find template in cache for "header.ftl"("zh_CN", UTF-8, parsed); will try to load it.
13849 DEBUG [2019-05-04 13:40:29]  TemplateLoader.findTemplateSource("header_zh_CN.ftl"): Not found
13850 DEBUG [2019-05-04 13:40:29]  TemplateLoader.findTemplateSource("header_zh.ftl"): Not found
13850 DEBUG [2019-05-04 13:40:29]  TemplateLoader.findTemplateSource("header.ftl"): Found
13850 DEBUG [2019-05-04 13:40:29]  Loading template for "header.ftl"("zh_CN", UTF-8, parsed) from "F:\\Java\\blog\\target\\classes\\templates\\header.ftl"
14156 DEBUG [2019-05-04 13:40:29]  Couldn't find template in cache for "footer.ftl"("zh_CN", UTF-8, parsed); will try to load it.
14157 DEBUG [2019-05-04 13:40:29]  TemplateLoader.findTemplateSource("footer_zh_CN.ftl"): Not found
14157 DEBUG [2019-05-04 13:40:29]  TemplateLoader.findTemplateSource("footer_zh.ftl"): Not found
14157 DEBUG [2019-05-04 13:40:29]  TemplateLoader.findTemplateSource("footer.ftl"): Found
14157 DEBUG [2019-05-04 13:40:29]  Loading template for "footer.ftl"("zh_CN", UTF-8, parsed) from "F:\\Java\\blog\\target\\classes\\templates\\footer.ftl"
14158 DEBUG [2019-05-04 13:40:29]  Couldn't find template in cache for "side.ftl"("zh_CN", UTF-8, parsed); will try to load it.
14158 DEBUG [2019-05-04 13:40:29]  TemplateLoader.findTemplateSource("side_zh_CN.ftl"): Not found
14159 DEBUG [2019-05-04 13:40:29]  TemplateLoader.findTemplateSource("side_zh.ftl"): Not found
14159 DEBUG [2019-05-04 13:40:29]  TemplateLoader.findTemplateSource("side.ftl"): Found
14159 DEBUG [2019-05-04 13:40:29]  Loading template for "side.ftl"("zh_CN", UTF-8, parsed) from "F:\\Java\\blog\\target\\classes\\templates\\side.ftl"
0    DEBUG [2019-05-04 16:06:43]  Couldn't find template in cache for "homepage.ftl"("zh_CN", UTF-8, parsed); will try to load it.
36   DEBUG [2019-05-04 16:06:43]  TemplateLoader.findTemplateSource("homepage_zh_CN.ftl"): Not found
38   DEBUG [2019-05-04 16:06:43]  TemplateLoader.findTemplateSource("homepage_zh.ftl"): Not found
40   DEBUG [2019-05-04 16:06:43]  TemplateLoader.findTemplateSource("homepage.ftl"): Found
40   DEBUG [2019-05-04 16:06:43]  Loading template for "homepage.ftl"("zh_CN", UTF-8, parsed) from "F:\\Java\\blog\\target\\classes\\templates\\homepage.ftl"
226  DEBUG [2019-05-04 16:06:43]  "homepage.ftl"("zh_CN", UTF-8, parsed) cached copy not yet stale; using cached.
257  DEBUG [2019-05-04 16:06:43]  Couldn't find template in cache for "header.ftl"("zh_CN", UTF-8, parsed); will try to load it.
267  DEBUG [2019-05-04 16:06:43]  TemplateLoader.findTemplateSource("header_zh_CN.ftl"): Not found
268  DEBUG [2019-05-04 16:06:43]  TemplateLoader.findTemplateSource("header_zh.ftl"): Not found
268  DEBUG [2019-05-04 16:06:43]  TemplateLoader.findTemplateSource("header.ftl"): Found
268  DEBUG [2019-05-04 16:06:43]  Loading template for "header.ftl"("zh_CN", UTF-8, parsed) from "F:\\Java\\blog\\target\\classes\\templates\\header.ftl"
549  DEBUG [2019-05-04 16:06:44]  Couldn't find template in cache for "footer.ftl"("zh_CN", UTF-8, parsed); will try to load it.
550  DEBUG [2019-05-04 16:06:44]  TemplateLoader.findTemplateSource("footer_zh_CN.ftl"): Not found
550  DEBUG [2019-05-04 16:06:44]  TemplateLoader.findTemplateSource("footer_zh.ftl"): Not found
551  DEBUG [2019-05-04 16:06:44]  TemplateLoader.findTemplateSource("footer.ftl"): Found
551  DEBUG [2019-05-04 16:06:44]  Loading template for "footer.ftl"("zh_CN", UTF-8, parsed) from "F:\\Java\\blog\\target\\classes\\templates\\footer.ftl"
552  DEBUG [2019-05-04 16:06:44]  Couldn't find template in cache for "side.ftl"("zh_CN", UTF-8, parsed); will try to load it.
553  DEBUG [2019-05-04 16:06:44]  TemplateLoader.findTemplateSource("side_zh_CN.ftl"): Not found
553  DEBUG [2019-05-04 16:06:44]  TemplateLoader.findTemplateSource("side_zh.ftl"): Not found
554  DEBUG [2019-05-04 16:06:44]  TemplateLoader.findTemplateSource("side.ftl"): Found
554  DEBUG [2019-05-04 16:06:44]  Loading template for "side.ftl"("zh_CN", UTF-8, parsed) from "F:\\Java\\blog\\target\\classes\\templates\\side.ftl"
